app/build/outputs/logs/manifest-merger-debug-report.txt
-- Merging decision tree log ---
manifest
ADDED from src/main/AndroidManifest.xml:2:1-135:12
	package
		ADDED from src/main/AndroidManifest.xml:3:5-32
		INJECTED from src/main/AndroidManifest.xml
		INJECTED from src/main/AndroidManifest.xml
	android:versionName
		INJECTED from src/main/AndroidManifest.xml
		INJECTED from src/main/AndroidManifest.xml
	xmlns:android
		ADDED from src/main/AndroidManifest.xml:2:11-69
	android:versionCode
		INJECTED from src/main/AndroidManifest.xml
		INJECTED from src/main/AndroidManifest.xml
application
ADDED from src/main/AndroidManifest.xml:5:5-131:19
MERGED from [com.android.support:appcompat-v7:23.1.1] AndroidManifest.xml:22:5-20
MERGED from [com.android.support:support-v4:23.1.1] AndroidManifest.xml:22:5-20
MERGED from [com.android.support:design:23.1.1] AndroidManifest.xml:22:5-20
MERGED from [com.android.support:appcompat-v7:23.1.1] AndroidManifest.xml:22:5-20
MERGED from [com.android.support:support-v4:23.1.1] AndroidManifest.xml:22:5-20
MERGED from [com.android.support:support-v4:23.1.1] AndroidManifest.xml:22:5-20
MERGED from [com.android.support:support-v4:23.1.1] AndroidManifest.xml:22:5-20
MERGED from [com.mikhaellopez:circularprogressbar:1.1.0] AndroidManifest.xml:11:5-13:38
	android:label
		ADDED from src/main/AndroidManifest.xml:8:9-41
	android:supportsRtl
		ADDED from src/main/AndroidManifest.xml:9:9-35
	android:allowBackup
		ADDED from src/main/AndroidManifest.xml:6:9-35
	android:icon
		ADDED from src/main/AndroidManifest.xml:7:9-43
	android:theme
		ADDED from src/main/AndroidManifest.xml:10:9-40
activity#de.baumann.sieben.MainActivity
ADDED from src/main/AndroidManifest.xml:11:9-20:20
	android:label
		ADDED from src/main/AndroidManifest.xml:13:13-45
	android:theme
		ADDED from src/main/AndroidManifest.xml:14:13-56
	android:name
		ADDED from src/main/AndroidManifest.xml:12:13-41
intent-filter#android.intent.action.MAIN+android.intent.category.LAUNCHER
ADDED from src/main/AndroidManifest.xml:15:13-19:29
action#android.intent.action.MAIN
ADDED from src/main/AndroidManifest.xml:16:17-69
	android:name
		ADDED from src/main/AndroidManifest.xml:16:25-66
category#android.intent.category.LAUNCHER
ADDED from src/main/AndroidManifest.xml:18:17-77
	android:name
		ADDED from src/main/AndroidManifest.xml:18:27-74
activity#de.baumann.sieben.Pause
ADDED from src/main/AndroidManifest.xml:21:9-25:20
	android:label
		ADDED from src/main/AndroidManifest.xml:23:13-45
	android:theme
		ADDED from src/main/AndroidManifest.xml:24:13-56
	android:name
		ADDED from src/main/AndroidManifest.xml:22:13-34
activity#de.baumann.sieben.Pause2
ADDED from src/main/AndroidManifest.xml:26:9-30:20
	android:label
		ADDED from src/main/AndroidManifest.xml:28:13-45
	android:theme
		ADDED from src/main/AndroidManifest.xml:29:13-56
	android:name
		ADDED from src/main/AndroidManifest.xml:27:13-35
activity#de.baumann.sieben.Pause3
ADDED from src/main/AndroidManifest.xml:31:9-35:20
	android:label
		ADDED from src/main/AndroidManifest.xml:33:13-45
	android:theme
		ADDED from src/main/AndroidManifest.xml:34:13-56
	android:name
		ADDED from src/main/AndroidManifest.xml:32:13-35
activity#de.baumann.sieben.Pause4
ADDED from src/main/AndroidManifest.xml:36:9-40:20
	android:label
		ADDED from src/main/AndroidManifest.xml:38:13-45
	android:theme
		ADDED from src/main/AndroidManifest.xml:39:13-56
	android:name
		ADDED from src/main/AndroidManifest.xml:37:13-35
activity#de.baumann.sieben.Pause5
ADDED from src/main/AndroidManifest.xml:41:9-45:20
	android:label
		ADDED from src/main/AndroidManifest.xml:43:13-45
	android:theme
		ADDED from src/main/AndroidManifest.xml:44:13-56
	android:name
		ADDED from src/main/AndroidManifest.xml:42:13-35
activity#de.baumann.sieben.Pause6
ADDED from src/main/AndroidManifest.xml:46:9-50:20
	android:label
		ADDED from src/main/AndroidManifest.xml:48:13-45
	android:theme
		ADDED from src/main/AndroidManifest.xml:49:13-56
	android:name
		ADDED from src/main/AndroidManifest.xml:47:13-35
activity#de.baumann.sieben.Pause7
ADDED from src/main/AndroidManifest.xml:51:9-55:20
	android:label
		ADDED from src/main/AndroidManifest.xml:53:13-45
	android:theme
		ADDED from src/main/AndroidManifest.xml:54:13-56
	android:name
		ADDED from src/main/AndroidManifest.xml:52:13-35
activity#de.baumann.sieben.Pause8
ADDED from src/main/AndroidManifest.xml:56:9-60:20
	android:label
		ADDED from src/main/AndroidManifest.xml:58:13-45
	android:theme
		ADDED from src/main/AndroidManifest.xml:59:13-56
	android:name
		ADDED from src/main/AndroidManifest.xml:57:13-35
activity#de.baumann.sieben.Pause9
ADDED from src/main/AndroidManifest.xml:61:9-65:20
	android:label
		ADDED from src/main/AndroidManifest.xml:63:13-45
	android:theme
		ADDED from src/main/AndroidManifest.xml:64:13-56
	android:name
		ADDED from src/main/AndroidManifest.xml:62:13-35
activity#de.baumann.sieben.Pause10
ADDED from src/main/AndroidManifest.xml:66:9-70:20
	android:label
		ADDED from src/main/AndroidManifest.xml:68:13-45
	android:theme
		ADDED from src/main/AndroidManifest.xml:69:13-56
	android:name
		ADDED from src/main/AndroidManifest.xml:67:13-36
activity#de.baumann.sieben.Pause11
ADDED from src/main/AndroidManifest.xml:71:9-75:20
	android:label
		ADDED from src/main/AndroidManifest.xml:73:13-45
	android:theme
		ADDED from src/main/AndroidManifest.xml:74:13-56
	android:name
		ADDED from src/main/AndroidManifest.xml:72:13-36
activity#de.baumann.sieben.MainActivity2
ADDED from src/main/AndroidManifest.xml:76:9-80:20
	android:label
		ADDED from src/main/AndroidManifest.xml:78:13-45
	android:theme
		ADDED from src/main/AndroidManifest.xml:79:13-56
	android:name
		ADDED from src/main/AndroidManifest.xml:77:13-42
activity#de.baumann.sieben.MainActivity3
ADDED from src/main/AndroidManifest.xml:81:9-85:20
	android:label
		ADDED from src/main/AndroidManifest.xml:83:13-45
	android:theme
		ADDED from src/main/AndroidManifest.xml:84:13-56
	android:name
		ADDED from src/main/AndroidManifest.xml:82:13-42
activity#de.baumann.sieben.MainActivity4
ADDED from src/main/AndroidManifest.xml:86:9-90:20
	android:label
		ADDED from src/main/AndroidManifest.xml:88:13-45
	android:theme
		ADDED from src/main/AndroidManifest.xml:89:13-56
	android:name
		ADDED from src/main/AndroidManifest.xml:87:13-42
activity#de.baumann.sieben.MainActivity5
ADDED from src/main/AndroidManifest.xml:91:9-95:20
	android:label
		ADDED from src/main/AndroidManifest.xml:93:13-45
	android:theme
		ADDED from src/main/AndroidManifest.xml:94:13-56
	android:name
		ADDED from src/main/AndroidManifest.xml:92:13-42
activity#de.baumann.sieben.MainActivity6
ADDED from src/main/AndroidManifest.xml:96:9-100:20
	android:label
		ADDED from src/main/AndroidManifest.xml:98:13-45
	android:theme
		ADDED from src/main/AndroidManifest.xml:99:13-56
	android:name
		ADDED from src/main/AndroidManifest.xml:97:13-42
activity#de.baumann.sieben.MainActivity7
ADDED from src/main/AndroidManifest.xml:101:9-105:20
	android:label
		ADDED from src/main/AndroidManifest.xml:103:13-45
	android:theme
		ADDED from src/main/AndroidManifest.xml:104:13-56
	android:name
		ADDED from src/main/AndroidManifest.xml:102:13-42
activity#de.baumann.sieben.MainActivity8
ADDED from src/main/AndroidManifest.xml:106:9-110:20
	android:label
		ADDED from src/main/AndroidManifest.xml:108:13-45
	android:theme
		ADDED from src/main/AndroidManifest.xml:109:13-56
	android:name
		ADDED from src/main/AndroidManifest.xml:107:13-42
activity#de.baumann.sieben.MainActivity9
ADDED from src/main/AndroidManifest.xml:111:9-115:20
	android:label
		ADDED from src/main/AndroidManifest.xml:113:13-45
	android:theme
		ADDED from src/main/AndroidManifest.xml:114:13-56
	android:name
		ADDED from src/main/AndroidManifest.xml:112:13-42
activity#de.baumann.sieben.MainActivity10
ADDED from src/main/AndroidManifest.xml:116:9-120:20
	android:label
		ADDED from src/main/AndroidManifest.xml:118:13-45
	android:theme
		ADDED from src/main/AndroidManifest.xml:119:13-56
	android:name
		ADDED from src/main/AndroidManifest.xml:117:13-43
activity#de.baumann.sieben.MainActivity11
ADDED from src/main/AndroidManifest.xml:121:9-125:20
	android:label
		ADDED from src/main/AndroidManifest.xml:123:13-45
	android:theme
		ADDED from src/main/AndroidManifest.xml:124:13-56
	android:name
		ADDED from src/main/AndroidManifest.xml:122:13-43
activity#de.baumann.sieben.MainActivity12
ADDED from src/main/AndroidManifest.xml:126:9-130:20
	android:label
		ADDED from src/main/AndroidManifest.xml:128:13-45
	android:theme
		ADDED from src/main/AndroidManifest.xml:129:13-56
	android:name
		ADDED from src/main/AndroidManifest.xml:127:13-43
service#com.alexfu.countdownview.core.TimerService
ADDED from src/main/AndroidManifest.xml:133:5-73
	android:name
		ADDED from src/main/AndroidManifest.xml:133:14-71
uses-sdk
INJECTED from src/main/AndroidManifest.xml reason: use-sdk injection requested
MERGED from [com.android.support:appcompat-v7:23.1.1] AndroidManifest.xml:20:5-43
MERGED from [com.android.support:support-v4:23.1.1] AndroidManifest.xml:20:5-43
MERGED from [com.android.support:design:23.1.1] AndroidManifest.xml:20:5-43
MERGED from [com.android.support:appcompat-v7:23.1.1] AndroidManifest.xml:20:5-43
MERGED from [com.android.support:support-v4:23.1.1] AndroidManifest.xml:20:5-43
MERGED from [com.android.support:recyclerview-v7:23.1.1] AndroidManifest.xml:20:5-43
MERGED from [com.android.support:support-v4:23.1.1] AndroidManifest.xml:20:5-43
MERGED from [com.android.support:support-v4:23.1.1] AndroidManifest.xml:20:5-43
MERGED from [com.mikhaellopez:circularprogressbar:1.1.0] AndroidManifest.xml:7:5-9:41
	android:targetSdkVersion
		INJECTED from src/main/AndroidManifest.xml
		INJECTED from src/main/AndroidManifest.xml
	android:minSdkVersion
		INJECTED from src/main/AndroidManifest.xml
		INJECTED from src/main/AndroidManifest.xml